<?xml version="1.0" encoding="UTF-8"?>
<!-- Generated by org.testng.reporters.JUnitXMLReporter -->
<testsuite ignored="0" hostname="Hemant-PC" failures="0" tests="3" name="Test" time="37.214" errors="0" timestamp="2024-07-18T19:47:57 IST">
  <testcase classname="TestLayer.LoginPageTest" name="ValidateLogInpage" time="6.044"/>
  <testcase classname="TestLayer.ProductPageTest" name="ProcductValidate" time="16.812"/>
  <testcase classname="TestLayer.CartTest" name="verifyProduct" time="3.324"/>
</testsuite> <!-- Test -->
